Arguments: 
  C:\Program Files\nodejs\node.exe C:\Program Files\nodejs\node_global\node_modules\yarn\bin\yarn.js add --dev babel-jest babel-core@7.0.0-bridge.0 @babel/core

PATH: 
  D:\cmder\vendor\conemu-maximus5\ConEmu\Scripts;D:\cmder\vendor\conemu-maximus5;D:\cmder\vendor\conemu-maximus5\ConEmu;C:\WINDOWS\system32;C:\WINDOWS;C:\WINDOWS\System32\Wbem;C:\WINDOWS\System32\WindowsPowerShell\v1.0\;D:\SVN\bin;C:\Program Files (x86)\Git\cmd;C:\WINDOWS\System32\OpenSSH\;C:\Program Files\nodejs;D:\wamp64\bin\php\php5.6.25;D:\ComposerSetup;C:\Users\Administrator\AppData\Local\Yarn\bin;C:\Program Files\nodejs\node_global\bin;C:\Users\Admin\AppData\Local\wechat_jump_game-master\Ruby25-x64\bin;C:\Users\Admin\AppData\Local\Microsoft\WindowsApps;"C:\Program Files (x86)\Git\bin;C:\Program Files (x86)\Git\cmd";D:\vscode\Microsoft VS Code\bin;D:\新建文件夹 (2)\Microsoft VS Code\bin;C:\Users\Admin\AppData\Roaming\npm;C:\Program Files\nodejs\node_global;D:\cmder;D:\wamp64\bin\mysql\mysql5.7.14\bin;C:\Users\Admin\AppData\Roaming\Composer\vendor\bin

Yarn version: 
  1.17.3

Node version: 
  10.15.3

Platform: 
  win32 x64

Trace: 
  Error: getaddrinfo EAI_AGAIN registry.yarnpkg.com registry.yarnpkg.com:443
      at GetAddrInfoReqWrap.onlookup [as oncomplete] (dns.js:56:26)

npm manifest: 
  {
    "name": "vue-ssr",
    "version": "1.0.0",
    "description": "",
    "main": "index.js",
    "scripts": {
      "start": "cross-env NODE_ENV=production nodemon  ./src/nodeuii/app.js --exec babel-node",
      "client:dev": "webpack --config  ./config/webpack.dev.js --mode=development",
      "client:server": "webpack --config  ./config/webpack.server.js --mode=production ",
      "devserver": "cross-env NODE_ENV=development supervisor ./build/app.js",
      "gulp:prod": "cross-env NODE_ENV=development gulp builddev"
    },
    "author": "",
    "license": "ISC",
    "devDependencies": {
      "@babel/core": "^7.6.4",
      "@babel/plugin-transform-runtime": "^7.6.2",
      "@babel/preset-env": "^7.6.3",
      "@babel/register": "^7.6.2",
      "@babel/runtime": "^7.6.3",
      "autoprefixer": "^9.6.5",
      "babel-core": "^7.0.0-bridge.0",
      "babel-loader": "^8.0.6",
      "babel-plugin-transform-es2015-modules-commonjs": "^6.26.2",
      "babel-preset-env": "^1.7.0",
      "babel-register": "^6.26.0",
      "css-loader": "^3.2.0",
      "cssnano": "^4.1.10",
      "gulp": "^4.0.2",
      "gulp-babel": "^8.0.0",
      "gulp-watch": "^5.0.1",
      "html-webpack-plugin": "^3.2.0",
      "mini-css-extract-plugin": "^0.8.0",
      "node-sass": "^4.12.0",
      "nodemon": "^1.19.4",
      "postcss-loader": "^3.0.0",
      "precss": "^4.0.0",
      "regenerator-runtime": "^0.13.3",
      "sass-loader": "^8.0.0",
      "style-loader": "^1.0.0",
      "sugarss": "^2.0.0",
      "url-loader": "^2.2.0",
      "vue-loader": "^15.7.1",
      "vue-style-loader": "^4.1.2",
      "vue-template-compiler": "^2.6.10",
      "webpack": "^4.41.2",
      "webpack-cli": "^3.3.9",
      "webpack-merge": "^4.2.2"
    },
    "dependencies": {
      "axios": "^0.19.0",
      "cheerio": "^1.0.0-rc.3",
      "co": "^4.6.0",
      "cross-env": "^6.0.3",
      "koa": "^2.10.0",
      "koa-simple-router": "^0.2.0",
      "koa-static": "^5.0.0",
      "koa-swig": "^2.2.1",
      "lodash": "^4.17.15",
      "vue": "^2.6.10",
      "vue-router": "^3.1.3",
      "vue-server-renderer": "^2.6.10",
      "vuex": "^3.1.1"
    }
  }

yarn manifest: 
  No manifest

Lockfile: 
  No lockfile
